app/build/intermediates/manifest_merge_blame_file/release/manifest-merger-blame-release-report.txt
1<?xml version="1.0" encoding="utf-8"?>
2<manifest xmlns:android="http://schemas.android.com/apk/res/android"
3    package="com.example.firstapp"
4    android:versionCode="1"
5    android:versionName="1.0" >
6
7    <uses-sdk
8        android:minSdkVersion="21"
8-->src\main\AndroidManifest.xml
9        android:targetSdkVersion="32" />
9-->src\main\AndroidManifest.xml
10
11    <application
11-->src\main\AndroidManifest.xml:5:5-36:19
12        android:allowBackup="true"
12-->src\main\AndroidManifest.xml:6:9-35
13        android:appComponentFactory="androidx.core.app.CoreComponentFactory"
13-->[androidx.core:core:1.5.0] AndroidManifest.xml:24:18-86
14        android:icon="@mipmap/ic_launcher"
14-->src\main\AndroidManifest.xml:7:9-43
15        android:label="@string/app_name"
15-->src\main\AndroidManifest.xml:8:9-41
16        android:roundIcon="@mipmap/ic_launcher_round"
16-->src\main\AndroidManifest.xml:9:9-54
17        android:supportsRtl="true"
17-->src\main\AndroidManifest.xml:10:9-35
18        android:theme="@style/Theme.FirstApp" >
18-->src\main\AndroidManifest.xml:11:9-46
19        <activity
19-->src\main\AndroidManifest.xml:12:9-15:51
20            android:name="com.example.firstapp.result"
20-->src\main\AndroidManifest.xml:13:13-35
21            android:exported="false"
21-->src\main\AndroidManifest.xml:14:13-37
22            android:screenOrientation="portrait" />
22-->src\main\AndroidManifest.xml:15:13-49
23
24        <meta-data
24-->src\main\AndroidManifest.xml:17:9-19:46
25            android:name="com.google.android.actions"
25-->src\main\AndroidManifest.xml:18:13-54
26            android:resource="@xml/border" />
26-->src\main\AndroidManifest.xml:19:13-43
27
28        <activity
28-->src\main\AndroidManifest.xml:21:9-24:52
29            android:name="com.example.firstapp.Questionactivity"
29-->src\main\AndroidManifest.xml:22:13-45
30            android:exported="false"
30-->src\main\AndroidManifest.xml:23:13-37
31            android:screenOrientation="portrait" />
31-->src\main\AndroidManifest.xml:24:13-49
32        <activity
32-->src\main\AndroidManifest.xml:25:9-35:20
33            android:name="com.example.firstapp.MainActivity"
33-->src\main\AndroidManifest.xml:26:13-41
34            android:exported="true"
34-->src\main\AndroidManifest.xml:27:13-36
35            android:screenOrientation="portrait"
35-->src\main\AndroidManifest.xml:28:13-49
36            android:windowSoftInputMode="adjustResize" >
36-->src\main\AndroidManifest.xml:29:13-55
37            <intent-filter>
37-->src\main\AndroidManifest.xml:30:13-34:29
38                <action android:name="android.intent.action.MAIN" />
38-->src\main\AndroidManifest.xml:31:17-69
38-->src\main\AndroidManifest.xml:31:25-66
39
40                <category android:name="android.intent.category.LAUNCHER" />
40-->src\main\AndroidManifest.xml:33:17-77
40-->src\main\AndroidManifest.xml:33:27-74
41            </intent-filter>
42        </activity>
43    </application>
44
45</manifest>